Turbo Assembler	 Version 4.1	    02/20/20 09:16:11	    Page 1
A_HLAV6.asm
Hlav6.asm


      1				     title Hlav6.asm
      2
      3	0000			     .MODEL tiny
      4	0000			     .data
      5
      6	0000  F8		     k db -8
      7	0001  F6		     db	-10
      8	0002  FFF6		     dw	-10
      9	0004  0F		     db	15
     10	0005  F1		     db	-15
     11	0006  FE		     db	0feh
     12	0007  00		     db	0b12h
**Error** A_HLAV6.asm(12) Value	out of range
     13	0008  66		     db	01100110b
     14	0009  008B		     dw	10001011b
     15	000B  000D		     dw	13
     16	000D  3066		     dw	'0f'
     17	000F  0245		     dw	0245h
     18	0011  0005		     dw	0101b
     19	0013  0A32		     dw	0a32h
     20	0015  0F45		     dw	0f45h
     21	0017  0037		     dw	55
     22	0019  0C47		     dw	0c47h
     23	001B  00AF		     dw	0afh
     24	001D  00000004 00000008	  +  dd	4, 8, 0ah, 0ffh
     25	      0000000A 000000FF
     26	002D  FFF1		     dw	-15
     27	002F  F0		     db	-16
     28	0030  FFF0		     dw	-16
     29	0032  7F		     r db 127
     30	0033  81		     q db -127
     31	0034  FF81		     t1	dw -127
     32	0036  80		     db	128
     33	0037  80		     i db -128
     34	0038  FF80		     i1	dw -128
     35	003A  7F		     w db -129
     36	003B  FF7F		     p dw -129
     37	003D  FF		     db	255
     38	003E  01		     db	-255
     39	003F  00		     db	256
**Error** A_HLAV6.asm(38) Value	out of range
     40	0040  0100		     dw	256
     41	0042  8000		     q dw -32768
**Error** A_HLAV6.asm(40) Symbol already different kind: Q
     42	0044  FFFFFFFF8000	     rr1 df -32768
     43	004A  FFFF8000		     zz1 dd -32768
     44	004E  7FFF		     j dw 32767
     45	0050  FFFF		     a dw 65535
     46	0052  0001		     dw	-65535
     47	0054  FFFF0001		     dd	-65535
     48	0058  7FFE7960		     dd	-2147583648
     49	005C  8001869F		     dd	2147583647
     50	0060  FFFFFFFF7FFE7960	     dq	-2147583648
     51	0068  000000008001869F	     dq	2147583647
     52	0070  00A8		     ll	dw 10101000b
     53	0072  0C E2 84 96 00	     ff	db 12, "№", 0b12h
**Error** A_HLAV6.asm(52) Value	out of range
Turbo Assembler	 Version 4.1	    02/20/20 09:16:11	    Page 2
A_HLAV6.asm
Hlav6.asm


     54	0077  000C 0000	0B12	     f1	dw 12, "№", 0b12h
**Error** A_HLAV6.asm(53) Value	out of range
     55	007D  05		     g5	db 0101b
     56	007E  0005		     ss	dw 00000101b
**Error** A_HLAV6.asm(55) Symbol already different kind: SS
     57	0080  000000000000001A	     xx	dq 26
     58	0088  0F45 0037	0042	     c1	dw 0f45h, 55, 66
     59	008E  8F		     a1	db -113
     60	008F  FF8F		     a2	dw -113
     61	0091  61		     ii	db -159
     62	0092  FF61		     i11 dw -159
     63	0094  A7		     s1	db -89
     64	0095  FFA7		     ss5 dw -89
     65	0097  A4		     s2	db -92
     66	0098  FFA4		     ff2 dw -92
     67	009A  FF19		     s3	dw -231
     68	009C  73 69 67 6D 61	     a11 db "sigma"
     69	00A1  0000		     a22 dw e301h
**Error** A_HLAV6.asm(68) Undefined symbol: E301H
     70	00A3  0C		     a33 db 12
     71	00A4  009Cr		     a55 dw offset a11
     72	00A6  000D		     a66 dw 13
     73	00A8  FF85		     gg	dw -123
     74	00AA  FFF7		     hh	dw -9
     75				     end
Turbo Assembler	 Version 4.1	    02/20/20 09:16:11	    Page 3
Symbol Table
Hlav6.asm



Symbol Name			  Type	 Value

??DATE				  Text	 "02/20/20"
??FILENAME			  Text	 "A_HLAV6 "
??TIME				  Text	 "09:16:10"
??VERSION			  Number 040A
@32BIT				  Text	 0
@CODE				  Text	 DGROUP
@CODESIZE			  Text	 0
@CPU				  Text	 0101H
@CURSEG				  Text	 _DATA
@DATA				  Text	 DGROUP
@DATASIZE			  Text	 0
@FILENAME			  Text	 A_HLAV6
@INTERFACE			  Text	 000H
@MODEL				  Text	 1
@STACK				  Text	 DGROUP
@WORDSIZE			  Text	 2
A				  Word	 DGROUP:0050
A1				  Byte	 DGROUP:008E
A11				  Byte	 DGROUP:009C
A2				  Word	 DGROUP:008F
A22				  Word	 DGROUP:00A1
A33				  Byte	 DGROUP:00A3
A55				  Word	 DGROUP:00A4
A66				  Word	 DGROUP:00A6
C1				  Word	 DGROUP:0088
F1				  Word	 DGROUP:0077
FF				  Byte	 DGROUP:0072
FF2				  Word	 DGROUP:0098
G5				  Byte	 DGROUP:007D
GG				  Word	 DGROUP:00A8
HH				  Word	 DGROUP:00AA
I				  Byte	 DGROUP:0037
I1				  Word	 DGROUP:0038
I11				  Word	 DGROUP:0092
II				  Byte	 DGROUP:0091
J				  Word	 DGROUP:004E
K				  Byte	 DGROUP:0000
LL				  Word	 DGROUP:0070
P				  Word	 DGROUP:003B
Q				  Byte	 DGROUP:0033
R				  Byte	 DGROUP:0032
RR1				  Pword	 DGROUP:0044
S1				  Byte	 DGROUP:0094
S2				  Byte	 DGROUP:0097
S3				  Word	 DGROUP:009A
SS5				  Word	 DGROUP:0095
T1				  Word	 DGROUP:0034
W				  Byte	 DGROUP:003A
XX				  Qword	 DGROUP:0080
ZZ1				  Dword	 DGROUP:004A
Turbo Assembler	 Version 4.1	    02/20/20 09:16:11	    Page 4
Symbol Table
Hlav6.asm



Groups & Segments		  Bit Size Align  Combine Class

DGROUP				  Group
  _DATA				  16  00AC Word	  Public  DATA
  _TEXT				  16  0000 Word	  Public  CODE
Turbo Assembler	 Version 4.1	    02/20/20 09:16:11	    Page 5
Error Summary
Hlav6.asm


**Error** A_HLAV6.asm(12) Value	out of range
**Error** A_HLAV6.asm(38) Value	out of range
**Error** A_HLAV6.asm(40) Symbol already different kind: Q
**Error** A_HLAV6.asm(52) Value	out of range
**Error** A_HLAV6.asm(53) Value	out of range
**Error** A_HLAV6.asm(55) Symbol already different kind: SS
**Error** A_HLAV6.asm(68) Undefined symbol: E301H
