Turbo Assembler	 Version 4.1	    02/20/20 09:07:12	    Page 1
HLAV6.asm
Hlav6.asm


      1				     title Hlav6.asm
      2
      3	0000			     .MODEL tiny
      4	0000			     .DATA
      5
      6
      7				     ; 1833 1821
      8				     ; 948 936
      9				     ; 91 79
     10				     ; 148 136
     11
     12				     ; byte
     13	0000  00 16		     i db 0, 22
     14	0002  01		     i1	db -255
     15	0003  80 7F		     ii	db -128, 127
     16
     17				     ; my values
     18	0005  88		     i2	db 136
     19	0006  94		     i3	db 148
     20	0007  4F		     i4	db 79
     21	0008  5B		     i5	db 91
     22
     23				     ;//
     24
     25				     ; word
     26
     27	0009  FF01		     r0	dw -255
     28	000B  0000 FFFF		     r dw 0, 65535
     29	000F  FFFF 8000		     r1	dw -1, -32768
     30	0013  0001 7FFF		     r2	dw 1, 32767
     31	0017  0001		     r3	dw -65535
     32	0019  FFFF0001		     r4	dd -65535
     33
     34
     35
     36				     ; my values
     37	001D  0088		     ri2 dw 136
     38	001F  0094		     ri3 dw 148
     39	0021  004F		     ri4 dw 79
     40	0023  005B		     ri5 dw 91
     41
     42	0025  0729		     r5	dw 1833
     43	0027  071D		     r6	dw 1821
     44	0029  03A8		     r7	dw 936
     45	002B  03B4		     r8	dw 948
     46
     47				     ;//
     48
     49
     50				     end
Turbo Assembler	 Version 4.1	    02/20/20 09:07:12	    Page 2
Symbol Table
Hlav6.asm



Symbol Name			  Type	 Value

??DATE				  Text	 "02/20/20"
??FILENAME			  Text	 "HLAV6	  "
??TIME				  Text	 "09:07:12"
??VERSION			  Number 040A
@32BIT				  Text	 0
@CODE				  Text	 DGROUP
@CODESIZE			  Text	 0
@CPU				  Text	 0101H
@CURSEG				  Text	 _DATA
@DATA				  Text	 DGROUP
@DATASIZE			  Text	 0
@FILENAME			  Text	 HLAV6
@INTERFACE			  Text	 000H
@MODEL				  Text	 1
@STACK				  Text	 DGROUP
@WORDSIZE			  Text	 2
I				  Byte	 DGROUP:0000
I1				  Byte	 DGROUP:0002
I2				  Byte	 DGROUP:0005
I3				  Byte	 DGROUP:0006
I4				  Byte	 DGROUP:0007
I5				  Byte	 DGROUP:0008
II				  Byte	 DGROUP:0003
R				  Word	 DGROUP:000B
R0				  Word	 DGROUP:0009
R1				  Word	 DGROUP:000F
R2				  Word	 DGROUP:0013
R3				  Word	 DGROUP:0017
R4				  Dword	 DGROUP:0019
R5				  Word	 DGROUP:0025
R6				  Word	 DGROUP:0027
R7				  Word	 DGROUP:0029
R8				  Word	 DGROUP:002B
RI2				  Word	 DGROUP:001D
RI3				  Word	 DGROUP:001F
RI4				  Word	 DGROUP:0021
RI5				  Word	 DGROUP:0023

Groups & Segments		  Bit Size Align  Combine Class

DGROUP				  Group
  _DATA				  16  002D Word	  Public  DATA
  _TEXT				  16  0000 Word	  Public  CODE
